[09/14 02:43:25] display all the hyper-parameters in args:
[09/14 02:43:25] opt: sgd
[09/14 02:43:25] lr: 0.1
[09/14 02:43:25] gamma: 0.1
[09/14 02:43:25] epoch: 200
[09/14 02:43:25] stage: 2
[09/14 02:43:25] weight_decay: 0.0005
[09/14 02:43:25] gpu: 0
[09/14 02:43:25] seed: 42
[09/14 02:43:25] val_epoch: 20
[09/14 02:43:25] resnet: False
[09/14 02:43:25] batch_size: 64
[09/14 02:43:25] ------------------------
[09/14 02:43:33] start training!
[09/14 02:44:41] 
[09/14 02:44:41] epoch 20/400, iter 1840:
[09/14 02:44:41] train_acc: 28.855
[09/14 02:45:49] 
[09/14 02:45:49] epoch 40/400, iter 3680:
[09/14 02:45:49] train_acc: 43.563
[09/14 02:46:56] 
[09/14 02:46:56] epoch 60/400, iter 5520:
[09/14 02:46:56] train_acc: 51.308
[09/14 02:48:04] 
[09/14 02:48:04] epoch 80/400, iter 7360:
[09/14 02:48:04] train_acc: 56.827
[09/14 02:49:11] 
[09/14 02:49:11] epoch 100/400, iter 9200:
[09/14 02:49:11] train_acc: 57.575
[09/14 02:50:19] 
[09/14 02:50:19] epoch 120/400, iter 11040:
[09/14 02:50:19] train_acc: 62.041
[09/14 02:51:27] 
[09/14 02:51:27] epoch 140/400, iter 12880:
[09/14 02:51:27] train_acc: 59.647
[09/14 02:52:29] 
[09/14 02:52:29] epoch 160/400, iter 14720:
[09/14 02:52:29] train_acc: 63.434
[09/14 02:53:24] 
[09/14 02:53:24] epoch 180/400, iter 16560:
[09/14 02:53:24] train_acc: 62.942
[09/14 02:54:19] 
[09/14 02:54:19] epoch 200/400, iter 18400:
[09/14 02:54:19] train_acc: 63.893
[09/14 02:55:13] 
[09/14 02:55:13] epoch 220/400, iter 20240:
[09/14 02:55:13] train_acc: 95.584
[09/14 02:56:04] 
[09/14 02:56:04] epoch 240/400, iter 22080:
[09/14 02:56:04] train_acc: 98.658
[09/14 02:56:47] 
[09/14 02:56:47] epoch 260/400, iter 23920:
[09/14 02:56:47] train_acc: 99.457
[09/14 02:57:28] 
[09/14 02:57:28] epoch 280/400, iter 25760:
[09/14 02:57:28] train_acc: 99.626
[09/14 02:58:10] 
[09/14 02:58:10] epoch 300/400, iter 27600:
[09/14 02:58:10] train_acc: 99.830
[09/14 02:58:51] 
[09/14 02:58:51] epoch 320/400, iter 29440:
[09/14 02:58:51] train_acc: 99.864
[09/14 02:59:45] 
[09/14 02:59:45] epoch 340/400, iter 31280:
[09/14 02:59:45] train_acc: 99.711
[09/14 03:00:46] 
[09/14 03:00:46] epoch 360/400, iter 33120:
[09/14 03:00:46] train_acc: 99.881
[09/14 03:01:43] 
[09/14 03:01:43] epoch 380/400, iter 34960:
[09/14 03:01:43] train_acc: 99.626
[09/14 03:02:40] 
[09/14 03:02:40] epoch 400/400, iter 36800:
[09/14 03:02:40] train_acc: 99.083
[09/14 03:02:40] training finished!
