[09/14 03:47:45] display all the hyper-parameters in args:
[09/14 03:47:45] opt: adam
[09/14 03:47:45] lr: 0.001
[09/14 03:47:45] gamma: 0.1
[09/14 03:47:45] epoch: 40
[09/14 03:47:45] stage: 1
[09/14 03:47:45] weight_decay: 0.0
[09/14 03:47:45] gpu: 0
[09/14 03:47:45] seed: 42
[09/14 03:47:45] val_epoch: 20
[09/14 03:47:45] resnet: True
[09/14 03:47:45] batch_size: 16
[09/14 03:47:45] load_path: model_ResNet18-base.pth
[09/14 03:47:45] ------------------------
[09/14 03:47:52] start training!
[09/14 03:48:21] 
[09/14 03:48:21] epoch 20/40, iter 720:
[09/14 03:48:21] train_acc: 59.028
[09/14 03:48:49] 
[09/14 03:48:49] epoch 40/40, iter 1440:
[09/14 03:48:49] train_acc: 69.618
[09/14 03:48:49] training finished!
[09/14 03:48:49] ------------------------
[09/14 03:48:49] evaluating:
[09/14 03:48:52] the final test acc is 48.148
