[09/14 03:06:20] display all the hyper-parameters in args:
[09/14 03:06:20] opt: sgd
[09/14 03:06:20] lr: 0.1
[09/14 03:06:20] gamma: 0.1
[09/14 03:06:20] epoch: 100
[09/14 03:06:20] stage: 2
[09/14 03:06:20] weight_decay: 0.001
[09/14 03:06:20] gpu: 0
[09/14 03:06:20] seed: 42
[09/14 03:06:20] val_epoch: 20
[09/14 03:06:20] resnet: True
[09/14 03:06:20] batch_size: 64
[09/14 03:06:20] ------------------------
[09/14 03:06:31] start training!
[09/14 03:10:49] 
[09/14 03:10:49] epoch 20/200, iter 1840:
[09/14 03:10:49] train_acc: 45.771
[09/14 03:15:05] 
[09/14 03:15:05] epoch 40/200, iter 3680:
[09/14 03:15:05] train_acc: 72.469
[09/14 03:19:20] 
[09/14 03:19:20] epoch 60/200, iter 5520:
[09/14 03:19:20] train_acc: 83.764
[09/14 03:23:34] 
[09/14 03:23:34] epoch 80/200, iter 7360:
[09/14 03:23:34] train_acc: 86.685
[09/14 03:27:37] 
[09/14 03:27:37] epoch 100/200, iter 9200:
[09/14 03:27:37] train_acc: 90.387
[09/14 03:31:35] 
[09/14 03:31:35] epoch 120/200, iter 11040:
[09/14 03:31:35] train_acc: 100.000
[09/14 03:35:38] 
[09/14 03:35:38] epoch 140/200, iter 12880:
[09/14 03:35:38] train_acc: 100.000
[09/14 03:39:42] 
[09/14 03:39:42] epoch 160/200, iter 14720:
[09/14 03:39:42] train_acc: 100.000
[09/14 03:43:41] 
[09/14 03:43:41] epoch 180/200, iter 16560:
[09/14 03:43:41] train_acc: 100.000
[09/14 03:47:41] 
[09/14 03:47:41] epoch 200/200, iter 18400:
[09/14 03:47:41] train_acc: 100.000
[09/14 03:47:41] training finished!
