[09/14 10:30:27] display all the hyper-parameters in args:
[09/14 10:30:27] opt: sgd
[09/14 10:30:27] lr: 0.1
[09/14 10:30:27] gamma: 0.1
[09/14 10:30:27] epoch: 200
[09/14 10:30:27] stage: 2
[09/14 10:30:27] weight_decay: 0.0005
[09/14 10:30:27] gpu: 0
[09/14 10:30:27] seed: 42
[09/14 10:30:27] val_epoch: 20
[09/14 10:30:27] resnet: False
[09/14 10:30:27] batch_size: 64
[09/14 10:30:27] ------------------------
[09/14 10:30:33] start training!
[09/14 10:31:23] 
[09/14 10:31:23] epoch 20/400, iter 1840:
[09/14 10:31:23] train_acc: 29.637
[09/14 10:32:13] 
[09/14 10:32:13] epoch 40/400, iter 3680:
[09/14 10:32:13] train_acc: 43.546
[09/14 10:33:01] 
[09/14 10:33:01] epoch 60/400, iter 5520:
[09/14 10:33:01] train_acc: 51.512
[09/14 10:33:51] 
[09/14 10:33:51] epoch 80/400, iter 7360:
[09/14 10:33:51] train_acc: 54.535
[09/14 10:34:41] 
[09/14 10:34:41] epoch 100/400, iter 9200:
[09/14 10:34:41] train_acc: 58.899
[09/14 10:35:30] 
[09/14 10:35:30] epoch 120/400, iter 11040:
[09/14 10:35:30] train_acc: 59.935
[09/14 10:36:19] 
[09/14 10:36:19] epoch 140/400, iter 12880:
[09/14 10:36:19] train_acc: 61.158
[09/14 10:37:08] 
[09/14 10:37:08] epoch 160/400, iter 14720:
[09/14 10:37:08] train_acc: 61.260
[09/14 10:37:57] 
[09/14 10:37:57] epoch 180/400, iter 16560:
[09/14 10:37:57] train_acc: 63.859
[09/14 10:38:46] 
[09/14 10:38:46] epoch 200/400, iter 18400:
[09/14 10:38:46] train_acc: 64.215
[09/14 10:39:36] 
[09/14 10:39:36] epoch 220/400, iter 20240:
[09/14 10:39:36] train_acc: 96.247
[09/14 10:40:26] 
[09/14 10:40:26] epoch 240/400, iter 22080:
[09/14 10:40:26] train_acc: 98.336
[09/14 10:41:16] 
[09/14 10:41:16] epoch 260/400, iter 23920:
[09/14 10:41:16] train_acc: 99.185
[09/14 10:42:07] 
[09/14 10:42:07] epoch 280/400, iter 25760:
[09/14 10:42:07] train_acc: 99.541
[09/14 10:42:58] 
[09/14 10:42:58] epoch 300/400, iter 27600:
[09/14 10:42:58] train_acc: 99.609
[09/14 10:43:49] 
[09/14 10:43:49] epoch 320/400, iter 29440:
[09/14 10:43:49] train_acc: 99.728
[09/14 10:44:41] 
[09/14 10:44:41] epoch 340/400, iter 31280:
[09/14 10:44:41] train_acc: 99.643
[09/14 10:45:33] 
[09/14 10:45:33] epoch 360/400, iter 33120:
[09/14 10:45:33] train_acc: 98.658
[09/14 10:46:25] 
[09/14 10:46:25] epoch 380/400, iter 34960:
[09/14 10:46:25] train_acc: 98.251
[09/14 10:47:17] 
[09/14 10:47:17] epoch 400/400, iter 36800:
[09/14 10:47:17] train_acc: 97.435
[09/14 10:47:17] training finished!
