[09/14 10:47:19] display all the hyper-parameters in args:
[09/14 10:47:19] opt: adam
[09/14 10:47:19] lr: 0.001
[09/14 10:47:19] gamma: 0.1
[09/14 10:47:19] epoch: 200
[09/14 10:47:19] stage: 1
[09/14 10:47:19] weight_decay: 0.0
[09/14 10:47:19] gpu: 0
[09/14 10:47:19] seed: 42
[09/14 10:47:19] val_epoch: 20
[09/14 10:47:19] resnet: False
[09/14 10:47:19] load_path: model_Conv4-stage_1.pth
[09/14 10:47:19] ------------------------
[09/14 10:47:25] start training!
[09/14 10:48:09] 
[09/14 10:48:09] epoch 20/200, iter 260:
[09/14 10:48:09] train_acc: 94.333
[09/14 10:48:11] val_acc: 37.357
[09/14 10:48:11] BEST!
[09/14 10:48:56] 
[09/14 10:48:56] epoch 40/200, iter 520:
[09/14 10:48:56] train_acc: 94.949
[09/14 10:48:58] val_acc: 37.102
[09/14 10:49:43] 
[09/14 10:49:43] epoch 60/200, iter 780:
[09/14 10:49:43] train_acc: 95.154
[09/14 10:49:46] val_acc: 37.739
[09/14 10:49:46] BEST!
[09/14 10:50:32] 
[09/14 10:50:32] epoch 80/200, iter 1040:
[09/14 10:50:32] train_acc: 95.179
[09/14 10:50:34] val_acc: 37.739
[09/14 10:51:21] 
[09/14 10:51:21] epoch 100/200, iter 1300:
[09/14 10:51:21] train_acc: 95.769
[09/14 10:51:23] val_acc: 37.314
[09/14 10:52:09] 
[09/14 10:52:09] epoch 120/200, iter 1560:
[09/14 10:52:09] train_acc: 95.795
[09/14 10:52:12] val_acc: 37.187
[09/14 10:52:58] 
[09/14 10:52:58] epoch 140/200, iter 1820:
[09/14 10:52:58] train_acc: 95.333
[09/14 10:53:01] val_acc: 37.229
[09/14 10:53:49] 
[09/14 10:53:49] epoch 160/200, iter 2080:
[09/14 10:53:49] train_acc: 95.667
[09/14 10:53:51] val_acc: 37.739
[09/14 10:54:38] 
[09/14 10:54:39] epoch 180/200, iter 2340:
[09/14 10:54:39] train_acc: 95.590
[09/14 10:54:41] val_acc: 36.974
[09/14 10:55:28] 
[09/14 10:55:28] epoch 200/200, iter 2600:
[09/14 10:55:28] train_acc: 95.821
[09/14 10:55:30] val_acc: 37.484
[09/14 10:55:30] training finished!
[09/14 10:55:30] ------------------------
[09/14 10:55:30] the best epoch is 60/200
[09/14 10:55:30] the best val acc is 37.739
[09/14 10:55:30] ------------------------
[09/14 10:55:30] evaluating:
[09/14 10:55:33] the final test acc is 33.460
[09/14 10:57:53] 50-way-1-shot acc: 15.90	0.15
[09/14 11:00:47] 50-way-5-shot acc: 28.59	0.13
[09/14 11:00:47] ------------------------
[09/14 11:00:47] evaluating on NA:
