[09/14 11:41:50] display all the hyper-parameters in args:
[09/14 11:41:50] opt: adam
[09/14 11:41:50] lr: 0.001
[09/14 11:41:50] gamma: 0.1
[09/14 11:41:50] epoch: 200
[09/14 11:41:50] stage: 1
[09/14 11:41:50] weight_decay: 0.0
[09/14 11:41:50] gpu: 0
[09/14 11:41:50] seed: 42
[09/14 11:41:50] val_epoch: 20
[09/14 11:41:50] resnet: True
[09/14 11:41:50] load_path: model_ResNet18-stage_1.pth
[09/14 11:41:50] ------------------------
[09/14 11:41:57] start training!
[09/14 11:44:09] 
[09/14 11:44:09] epoch 20/200, iter 260:
[09/14 11:44:09] train_acc: 100.000
[09/14 11:44:13] val_acc: 46.154
[09/14 11:44:14] BEST!
[09/14 11:46:26] 
[09/14 11:46:26] epoch 40/200, iter 520:
[09/14 11:46:26] train_acc: 100.000
[09/14 11:46:30] val_acc: 46.111
[09/14 11:48:39] 
[09/14 11:48:39] epoch 60/200, iter 780:
[09/14 11:48:39] train_acc: 100.000
[09/14 11:48:43] val_acc: 46.069
[09/14 11:50:49] 
[09/14 11:50:49] epoch 80/200, iter 1040:
[09/14 11:50:49] train_acc: 100.000
[09/14 11:50:53] val_acc: 45.984
[09/14 11:52:55] 
[09/14 11:52:55] epoch 100/200, iter 1300:
[09/14 11:52:55] train_acc: 100.000
[09/14 11:52:59] val_acc: 45.941
[09/14 11:55:00] 
[09/14 11:55:00] epoch 120/200, iter 1560:
[09/14 11:55:00] train_acc: 100.000
[09/14 11:55:04] val_acc: 45.899
[09/14 11:57:09] 
[09/14 11:57:09] epoch 140/200, iter 1820:
[09/14 11:57:09] train_acc: 100.000
[09/14 11:57:13] val_acc: 45.899
[09/14 11:59:15] 
[09/14 11:59:15] epoch 160/200, iter 2080:
[09/14 11:59:15] train_acc: 100.000
[09/14 11:59:19] val_acc: 45.814
[09/14 12:01:24] 
[09/14 12:01:24] epoch 180/200, iter 2340:
[09/14 12:01:24] train_acc: 100.000
[09/14 12:01:27] val_acc: 45.941
[09/14 12:03:29] 
[09/14 12:03:29] epoch 200/200, iter 2600:
[09/14 12:03:29] train_acc: 100.000
[09/14 12:03:33] val_acc: 45.941
[09/14 12:03:33] training finished!
[09/14 12:03:33] ------------------------
[09/14 12:03:33] the best epoch is 20/200
[09/14 12:03:33] the best val acc is 46.154
[09/14 12:03:33] ------------------------
[09/14 12:03:33] evaluating:
[09/14 12:03:36] the final test acc is 42.635
[09/14 12:10:21] 50-way-1-shot acc: 24.75	0.18
[09/14 12:18:53] 50-way-5-shot acc: 38.99	0.14
[09/14 12:18:53] ------------------------
[09/14 12:18:53] evaluating on NA:
