[09/14 11:04:18] display all the hyper-parameters in args:
[09/14 11:04:18] opt: sgd
[09/14 11:04:18] lr: 0.1
[09/14 11:04:18] gamma: 0.1
[09/14 11:04:18] epoch: 100
[09/14 11:04:18] stage: 2
[09/14 11:04:18] weight_decay: 0.001
[09/14 11:04:18] gpu: 0
[09/14 11:04:18] seed: 42
[09/14 11:04:18] val_epoch: 20
[09/14 11:04:18] resnet: True
[09/14 11:04:18] batch_size: 64
[09/14 11:04:18] ------------------------
[09/14 11:04:25] start training!
[09/14 11:08:08] 
[09/14 11:08:08] epoch 20/200, iter 1840:
[09/14 11:08:08] train_acc: 36.226
[09/14 11:11:50] 
[09/14 11:11:50] epoch 40/200, iter 3680:
[09/14 11:11:50] train_acc: 69.650
[09/14 11:15:34] 
[09/14 11:15:34] epoch 60/200, iter 5520:
[09/14 11:15:34] train_acc: 82.116
[09/14 11:19:17] 
[09/14 11:19:17] epoch 80/200, iter 7360:
[09/14 11:19:17] train_acc: 85.479
[09/14 11:23:02] 
[09/14 11:23:02] epoch 100/200, iter 9200:
[09/14 11:23:02] train_acc: 91.253
[09/14 11:26:44] 
[09/14 11:26:44] epoch 120/200, iter 11040:
[09/14 11:26:44] train_acc: 100.000
[09/14 11:30:32] 
[09/14 11:30:32] epoch 140/200, iter 12880:
[09/14 11:30:32] train_acc: 100.000
[09/14 11:34:17] 
[09/14 11:34:17] epoch 160/200, iter 14720:
[09/14 11:34:17] train_acc: 100.000
[09/14 11:38:03] 
[09/14 11:38:03] epoch 180/200, iter 16560:
[09/14 11:38:03] train_acc: 100.000
[09/14 11:41:47] 
[09/14 11:41:47] epoch 200/200, iter 18400:
[09/14 11:41:47] train_acc: 100.000
[09/14 11:41:47] training finished!
