[09/13 09:08:37] display all the hyper-parameters in args:
[09/13 09:08:37] opt: sgd
[09/13 09:08:37] lr: 0.1
[09/13 09:08:37] gamma: 0.1
[09/13 09:08:37] epoch: 400
[09/13 09:08:37] stage: 2
[09/13 09:08:37] weight_decay: 0.0005
[09/13 09:08:37] gpu: 0
[09/13 09:08:37] seed: 42
[09/13 09:08:37] val_epoch: 20
[09/13 09:08:37] resnet: False
[09/13 09:08:37] ------------------------
[09/13 09:08:53] start training!
[09/13 09:10:01] 
[09/13 09:10:01] epoch 20/800, iter 260:
[09/13 09:10:01] train_acc: 13.487
[09/13 09:10:04] val_acc: 7.735
[09/13 09:10:04] BEST!
[09/13 09:11:06] 
[09/13 09:11:06] epoch 40/800, iter 520:
[09/13 09:11:06] train_acc: 18.205
[09/13 09:11:10] val_acc: 11.050
[09/13 09:11:10] BEST!
[09/13 09:12:12] 
[09/13 09:12:12] epoch 60/800, iter 780:
[09/13 09:12:12] train_acc: 21.538
[09/13 09:12:16] val_acc: 13.515
[09/13 09:12:16] BEST!
[09/13 09:13:18] 
[09/13 09:13:18] epoch 80/800, iter 1040:
[09/13 09:13:18] train_acc: 26.487
[09/13 09:13:22] val_acc: 13.515
[09/13 09:14:25] 
[09/13 09:14:25] epoch 100/800, iter 1300:
[09/13 09:14:25] train_acc: 29.128
[09/13 09:14:29] val_acc: 15.342
[09/13 09:14:29] BEST!
[09/13 09:15:30] 
[09/13 09:15:30] epoch 120/800, iter 1560:
[09/13 09:15:30] train_acc: 33.641
[09/13 09:15:33] val_acc: 17.935
[09/13 09:15:33] BEST!
[09/13 09:16:38] 
[09/13 09:16:38] epoch 140/800, iter 1820:
[09/13 09:16:38] train_acc: 37.487
[09/13 09:16:42] val_acc: 20.654
[09/13 09:16:42] BEST!
[09/13 09:17:45] 
[09/13 09:17:45] epoch 160/800, iter 2080:
[09/13 09:17:45] train_acc: 41.026
[09/13 09:17:48] val_acc: 22.312
[09/13 09:17:48] BEST!
[09/13 09:18:50] 
[09/13 09:18:50] epoch 180/800, iter 2340:
[09/13 09:18:50] train_acc: 41.256
[09/13 09:18:53] val_acc: 21.249
[09/13 09:19:57] 
[09/13 09:19:57] epoch 200/800, iter 2600:
[09/13 09:19:57] train_acc: 43.897
[09/13 09:20:00] val_acc: 24.097
[09/13 09:20:00] BEST!
[09/13 09:21:01] 
[09/13 09:21:01] epoch 220/800, iter 2860:
[09/13 09:21:01] train_acc: 46.846
[09/13 09:21:04] val_acc: 25.457
[09/13 09:21:04] BEST!
[09/13 09:22:05] 
[09/13 09:22:05] epoch 240/800, iter 3120:
[09/13 09:22:05] train_acc: 48.744
[09/13 09:22:08] val_acc: 26.392
[09/13 09:22:08] BEST!
[09/13 09:23:10] 
[09/13 09:23:10] epoch 260/800, iter 3380:
[09/13 09:23:10] train_acc: 50.718
[09/13 09:23:13] val_acc: 28.007
[09/13 09:23:13] BEST!
[09/13 09:24:16] 
[09/13 09:24:16] epoch 280/800, iter 3640:
[09/13 09:24:16] train_acc: 53.000
[09/13 09:24:20] val_acc: 28.262
[09/13 09:24:20] BEST!
[09/13 09:25:22] 
[09/13 09:25:22] epoch 300/800, iter 3900:
[09/13 09:25:22] train_acc: 54.821
[09/13 09:25:25] val_acc: 26.519
[09/13 09:26:28] 
[09/13 09:26:28] epoch 320/800, iter 4160:
[09/13 09:26:28] train_acc: 54.026
[09/13 09:26:31] val_acc: 27.199
[09/13 09:27:33] 
[09/13 09:27:33] epoch 340/800, iter 4420:
[09/13 09:27:33] train_acc: 57.205
[09/13 09:27:37] val_acc: 29.792
[09/13 09:27:37] BEST!
[09/13 09:28:39] 
[09/13 09:28:39] epoch 360/800, iter 4680:
[09/13 09:28:39] train_acc: 57.308
[09/13 09:28:42] val_acc: 26.604
[09/13 09:29:45] 
[09/13 09:29:45] epoch 380/800, iter 4940:
[09/13 09:29:45] train_acc: 59.231
[09/13 09:29:48] val_acc: 27.752
[09/13 09:30:50] 
[09/13 09:30:50] epoch 400/800, iter 5200:
[09/13 09:30:50] train_acc: 56.051
[09/13 09:30:54] val_acc: 28.644
[09/13 09:31:55] 
[09/13 09:31:55] epoch 420/800, iter 5460:
[09/13 09:31:55] train_acc: 70.744
[09/13 09:31:59] val_acc: 32.469
[09/13 09:31:59] BEST!
[09/13 09:33:02] 
[09/13 09:33:02] epoch 440/800, iter 5720:
[09/13 09:33:02] train_acc: 73.692
[09/13 09:33:05] val_acc: 31.619
[09/13 09:34:09] 
[09/13 09:34:09] epoch 460/800, iter 5980:
[09/13 09:34:09] train_acc: 74.897
[09/13 09:34:13] val_acc: 30.854
[09/13 09:35:19] 
[09/13 09:35:19] epoch 480/800, iter 6240:
[09/13 09:35:19] train_acc: 75.538
[09/13 09:35:22] val_acc: 30.769
[09/13 09:36:25] 
[09/13 09:36:25] epoch 500/800, iter 6500:
[09/13 09:36:25] train_acc: 76.769
[09/13 09:36:29] val_acc: 30.939
[09/13 09:37:31] 
[09/13 09:37:31] epoch 520/800, iter 6760:
[09/13 09:37:31] train_acc: 78.077
[09/13 09:37:34] val_acc: 31.874
[09/13 09:38:36] 
[09/13 09:38:36] epoch 540/800, iter 7020:
[09/13 09:38:36] train_acc: 77.846
[09/13 09:38:40] val_acc: 31.109
[09/13 09:39:41] 
[09/13 09:39:41] epoch 560/800, iter 7280:
[09/13 09:39:41] train_acc: 77.923
[09/13 09:39:44] val_acc: 30.429
[09/13 09:40:46] 
[09/13 09:40:46] epoch 580/800, iter 7540:
[09/13 09:40:46] train_acc: 78.949
[09/13 09:40:49] val_acc: 29.664
[09/13 09:41:50] 
[09/13 09:41:50] epoch 600/800, iter 7800:
[09/13 09:41:50] train_acc: 81.179
[09/13 09:41:54] val_acc: 30.089
[09/13 09:42:58] 
[09/13 09:42:58] epoch 620/800, iter 8060:
[09/13 09:42:58] train_acc: 80.949
[09/13 09:43:01] val_acc: 29.452
[09/13 09:44:05] 
[09/13 09:44:05] epoch 640/800, iter 8320:
[09/13 09:44:05] train_acc: 81.205
[09/13 09:44:08] val_acc: 30.047
[09/13 09:45:13] 
[09/13 09:45:13] epoch 660/800, iter 8580:
[09/13 09:45:13] train_acc: 84.103
[09/13 09:45:17] val_acc: 30.174
[09/13 09:46:21] 
[09/13 09:46:21] epoch 680/800, iter 8840:
[09/13 09:46:21] train_acc: 80.974
[09/13 09:46:24] val_acc: 29.197
[09/13 09:47:28] 
[09/13 09:47:28] epoch 700/800, iter 9100:
[09/13 09:47:28] train_acc: 81.897
[09/13 09:47:31] val_acc: 28.899
[09/13 09:48:35] 
[09/13 09:48:35] epoch 720/800, iter 9360:
[09/13 09:48:35] train_acc: 84.821
[09/13 09:48:39] val_acc: 28.262
[09/13 09:49:43] 
[09/13 09:49:43] epoch 740/800, iter 9620:
[09/13 09:49:43] train_acc: 84.718
[09/13 09:49:47] val_acc: 30.174
[09/13 09:50:51] 
[09/13 09:50:51] epoch 760/800, iter 9880:
[09/13 09:50:51] train_acc: 83.487
[09/13 09:50:54] val_acc: 29.664
[09/13 09:51:58] 
[09/13 09:51:58] epoch 780/800, iter 10140:
[09/13 09:51:58] train_acc: 84.103
[09/13 09:52:01] val_acc: 28.942
[09/13 09:53:05] 
[09/13 09:53:05] epoch 800/800, iter 10400:
[09/13 09:53:05] train_acc: 84.077
[09/13 09:53:09] val_acc: 28.007
[09/13 09:53:09] training finished!
[09/13 09:53:09] ------------------------
[09/13 09:53:09] the best epoch is 420/800
[09/13 09:53:09] the best val acc is 32.469
[09/13 09:53:09] ------------------------
[09/13 09:53:09] evaluating:
[09/13 09:53:12] the final test acc is 31.061
[09/13 09:56:06] 50-way-1-shot acc: 14.18	0.14
[09/13 09:59:56] 50-way-5-shot acc: 26.51	0.13
[09/13 09:59:56] ------------------------
[09/13 09:59:56] evaluating on NA:
