[09/14 04:46:02] display all the hyper-parameters in args:
[09/14 04:46:02] opt: sgd
[09/14 04:46:02] lr: 0.1
[09/14 04:46:02] gamma: 0.1
[09/14 04:46:02] epoch: 300
[09/14 04:46:02] stage: 2
[09/14 04:46:02] weight_decay: 0.001
[09/14 04:46:02] gpu: 0
[09/14 04:46:02] seed: 42
[09/14 04:46:02] val_epoch: 20
[09/14 04:46:02] resnet: True
[09/14 04:46:02] ------------------------
[09/14 04:46:09] start training!
[09/14 04:50:06] 
[09/14 04:50:06] epoch 20/600, iter 260:
[09/14 04:50:06] train_acc: 20.744
[09/14 04:50:10] val_acc: 9.605
[09/14 04:50:10] BEST!
[09/14 04:54:08] 
[09/14 04:54:08] epoch 40/600, iter 520:
[09/14 04:54:08] train_acc: 35.308
[09/14 04:54:12] val_acc: 18.402
[09/14 04:54:12] BEST!
[09/14 04:58:17] 
[09/14 04:58:17] epoch 60/600, iter 780:
[09/14 04:58:17] train_acc: 45.077
[09/14 04:58:21] val_acc: 27.072
[09/14 04:58:22] BEST!
[09/14 05:02:27] 
[09/14 05:02:27] epoch 80/600, iter 1040:
[09/14 05:02:27] train_acc: 58.385
[09/14 05:02:31] val_acc: 31.619
[09/14 05:02:31] BEST!
[09/14 05:06:31] 
[09/14 05:06:31] epoch 100/600, iter 1300:
[09/14 05:06:31] train_acc: 72.641
[09/14 05:06:35] val_acc: 32.342
[09/14 05:06:35] BEST!
[09/14 05:10:32] 
[09/14 05:10:32] epoch 120/600, iter 1560:
[09/14 05:10:32] train_acc: 80.667
[09/14 05:10:36] val_acc: 32.554
[09/14 05:10:36] BEST!
[09/14 05:14:34] 
[09/14 05:14:34] epoch 140/600, iter 1820:
[09/14 05:14:34] train_acc: 85.949
[09/14 05:14:39] val_acc: 36.507
[09/14 05:14:39] BEST!
[09/14 05:18:38] 
[09/14 05:18:38] epoch 160/600, iter 2080:
[09/14 05:18:38] train_acc: 88.103
[09/14 05:18:42] val_acc: 35.147
[09/14 05:22:41] 
[09/14 05:22:41] epoch 180/600, iter 2340:
[09/14 05:22:41] train_acc: 91.436
[09/14 05:22:46] val_acc: 36.507
[09/14 05:26:47] 
[09/14 05:26:47] epoch 200/600, iter 2600:
[09/14 05:26:47] train_acc: 91.564
[09/14 05:26:51] val_acc: 37.357
[09/14 05:26:51] BEST!
[09/14 05:30:46] 
[09/14 05:30:46] epoch 220/600, iter 2860:
[09/14 05:30:46] train_acc: 91.744
[09/14 05:30:50] val_acc: 35.912
[09/14 05:34:44] 
[09/14 05:34:44] epoch 240/600, iter 3120:
[09/14 05:34:44] train_acc: 91.615
[09/14 05:34:48] val_acc: 38.929
[09/14 05:34:48] BEST!
[09/14 05:38:42] 
[09/14 05:38:42] epoch 260/600, iter 3380:
[09/14 05:38:42] train_acc: 91.282
[09/14 05:38:46] val_acc: 36.039
[09/14 05:42:40] 
[09/14 05:42:40] epoch 280/600, iter 3640:
[09/14 05:42:40] train_acc: 90.897
[09/14 05:42:44] val_acc: 34.424
[09/14 05:46:41] 
[09/14 05:46:41] epoch 300/600, iter 3900:
[09/14 05:46:41] train_acc: 90.897
[09/14 05:46:45] val_acc: 34.509
[09/14 05:50:41] 
[09/14 05:50:41] epoch 320/600, iter 4160:
[09/14 05:50:41] train_acc: 99.692
[09/14 05:50:45] val_acc: 44.199
[09/14 05:50:45] BEST!
[09/14 05:54:39] 
[09/14 05:54:39] epoch 340/600, iter 4420:
[09/14 05:54:39] train_acc: 99.769
[09/14 05:54:43] val_acc: 44.326
[09/14 05:54:43] BEST!
[09/14 05:58:37] 
[09/14 05:58:37] epoch 360/600, iter 4680:
[09/14 05:58:37] train_acc: 100.000
[09/14 05:58:41] val_acc: 43.519
[09/14 06:02:33] 
[09/14 06:02:33] epoch 380/600, iter 4940:
[09/14 06:02:33] train_acc: 99.949
[09/14 06:02:37] val_acc: 43.476
[09/14 06:06:30] 
[09/14 06:06:30] epoch 400/600, iter 5200:
[09/14 06:06:30] train_acc: 100.000
[09/14 06:06:34] val_acc: 43.434
[09/14 06:10:25] 
[09/14 06:10:25] epoch 420/600, iter 5460:
[09/14 06:10:25] train_acc: 100.000
[09/14 06:10:29] val_acc: 43.519
[09/14 06:14:22] 
[09/14 06:14:22] epoch 440/600, iter 5720:
[09/14 06:14:22] train_acc: 100.000
[09/14 06:14:27] val_acc: 43.561
[09/14 06:18:22] 
[09/14 06:18:22] epoch 460/600, iter 5980:
[09/14 06:18:22] train_acc: 100.000
[09/14 06:18:26] val_acc: 43.859
[09/14 06:22:23] 
[09/14 06:22:23] epoch 480/600, iter 6240:
[09/14 06:22:23] train_acc: 100.000
[09/14 06:22:27] val_acc: 43.774
[09/14 06:26:21] 
[09/14 06:26:21] epoch 500/600, iter 6500:
[09/14 06:26:21] train_acc: 99.974
[09/14 06:26:25] val_acc: 43.179
[09/14 06:30:22] 
[09/14 06:30:22] epoch 520/600, iter 6760:
[09/14 06:30:22] train_acc: 100.000
[09/14 06:30:26] val_acc: 43.561
[09/14 06:34:24] 
[09/14 06:34:24] epoch 540/600, iter 7020:
[09/14 06:34:24] train_acc: 100.000
[09/14 06:34:28] val_acc: 43.349
[09/14 06:38:24] 
[09/14 06:38:24] epoch 560/600, iter 7280:
[09/14 06:38:24] train_acc: 100.000
[09/14 06:38:28] val_acc: 43.604
[09/14 06:42:22] 
[09/14 06:42:22] epoch 580/600, iter 7540:
[09/14 06:42:22] train_acc: 100.000
[09/14 06:42:26] val_acc: 43.901
[09/14 06:46:20] 
[09/14 06:46:20] epoch 600/600, iter 7800:
[09/14 06:46:20] train_acc: 100.000
[09/14 06:46:24] val_acc: 43.731
[09/14 06:46:24] training finished!
[09/14 06:46:24] ------------------------
[09/14 06:46:24] the best epoch is 340/600
[09/14 06:46:24] the best val acc is 44.326
[09/14 06:46:24] ------------------------
[09/14 06:46:24] evaluating:
[09/14 06:46:28] the final test acc is 41.288
[09/14 06:53:19] 50-way-1-shot acc: 23.66	0.18
[09/14 07:01:51] 50-way-5-shot acc: 38.59	0.14
[09/14 07:01:51] ------------------------
[09/14 07:01:51] evaluating on NA:
